{
  "RSpec": {
    "coverage": {
      "/myapp/app/models/admin.rb": {
        "lines": [
          null,
          null,
          1,
          null,
          null,
          1,
          null,
          null
        ]
      },
      "/myapp/app/models/application_record.rb": {
        "lines": [
          null,
          null,
          1,
          1,
          null,
          null,
          145,
          145,
          null,
          null,
          1,
          13,
          13,
          null,
          null,
          null,
          1,
          0,
          0,
          null,
          null
        ]
      },
      "/myapp/app/models/user.rb": {
        "lines": [
          null,
          null,
          1,
          null,
          null,
          1,
          null,
          null,
          null,
          1,
          null,
          null,
          1,
          1,
          1,
          1,
          1,
          null,
          null,
          1,
          1,
          1,
          1,
          null,
          null,
          null,
          null,
          1,
          null,
          null,
          null,
          null,
          null,
          null,
          1,
          null,
          null,
          null,
          1,
          null,
          null,
          null,
          null,
          null,
          null,
          1,
          null,
          null,
          null,
          1,
          3,
          3,
          3,
          3,
          3,
          3,
          null,
          null,
          null,
          null,
          1,
          2,
          2,
          2,
          2,
          null,
          2,
          2,
          2,
          null,
          null,
          null,
          1,
          0,
          null,
          null,
          null,
          1,
          0,
          null,
          null,
          null,
          1,
          2,
          null,
          null,
          null,
          1,
          222,
          222,
          null,
          0,
          null,
          null,
          null
        ]
      },
      "/myapp/app/helpers/admin/comments_helper.rb": {
        "lines": [
          null,
          null,
          1,
          null
        ]
      },
      "/myapp/app/helpers/admin/homes_helper.rb": {
        "lines": [
          null,
          null,
          1,
          null
        ]
      },
      "/myapp/app/helpers/admin/tags_helper.rb": {
        "lines": [
          null,
          null,
          1,
          null
        ]
      },
      "/myapp/app/helpers/admin/tweets_helper.rb": {
        "lines": [
          null,
          null,
          1,
          null
        ]
      },
      "/myapp/app/helpers/admin/users_helper.rb": {
        "lines": [
          null,
          null,
          1,
          null
        ]
      },
      "/myapp/app/helpers/application_helper.rb": {
        "lines": [
          null,
          null,
          1,
          null,
          null,
          1,
          0,
          null,
          null,
          1,
          122,
          null,
          null,
          1,
          0,
          null,
          null,
          null
        ]
      },
      "/myapp/app/helpers/user/comments_helper.rb": {
        "lines": [
          null,
          null,
          1,
          null
        ]
      },
      "/myapp/app/helpers/user/homes_helper.rb": {
        "lines": [
          null,
          null,
          1,
          null
        ]
      },
      "/myapp/app/helpers/user/likes_helper.rb": {
        "lines": [
          null,
          null,
          1,
          null
        ]
      },
      "/myapp/app/helpers/user/relationships_helper.rb": {
        "lines": [
          null,
          null,
          1,
          null
        ]
      },
      "/myapp/app/helpers/user/searches_helper.rb": {
        "lines": [
          null,
          null,
          1,
          null
        ]
      },
      "/myapp/app/helpers/user/tweets_helper.rb": {
        "lines": [
          null,
          null,
          1,
          null
        ]
      },
      "/myapp/app/helpers/user/users_helper.rb": {
        "lines": [
          null,
          null,
          1,
          null
        ]
      },
      "/myapp/app/models/comment.rb": {
        "lines": [
          null,
          null,
          1,
          null,
          1,
          1,
          1,
          null,
          null,
          1,
          1,
          null
        ]
      },
      "/myapp/app/models/like.rb": {
        "lines": [
          null,
          null,
          1,
          null,
          1,
          1,
          null,
          null,
          1,
          1,
          null
        ]
      },
      "/myapp/app/models/relationship.rb": {
        "lines": [
          null,
          null,
          1,
          null,
          1,
          1,
          1,
          null,
          null,
          1,
          1,
          null
        ]
      },
      "/myapp/app/models/site.rb": {
        "lines": [
          null,
          null,
          1,
          null,
          1,
          null,
          null,
          1,
          null
        ]
      },
      "/myapp/app/models/tweet.rb": {
        "lines": [
          null,
          null,
          1,
          null,
          1,
          null,
          null,
          1,
          1,
          1,
          1,
          null,
          null,
          1,
          1,
          1,
          1,
          null,
          null,
          1,
          15,
          null,
          null,
          null,
          1,
          15,
          null,
          null
        ]
      },
      "/myapp/app/controllers/admin/sessions_controller.rb": {
        "lines": [
          null,
          null,
          1,
          null,
          1,
          1,
          null,
          null,
          null,
          null,
          null,
          null,
          null,
          null,
          null,
          null,
          null,
          null,
          null,
          null,
          null,
          null,
          1,
          null,
          null,
          null,
          null,
          null,
          null,
          null,
          1,
          2,
          null,
          null,
          null,
          1,
          2,
          null,
          null,
          null,
          1,
          21,
          null,
          1,
          1,
          null,
          null
        ]
      },
      "/myapp/app/controllers/application_controller.rb": {
        "lines": [
          null,
          null,
          1,
          null,
          1,
          96,
          null,
          48,
          null,
          null,
          48,
          null,
          null,
          96,
          96,
          96,
          96,
          96,
          96,
          96,
          null,
          null,
          null,
          1,
          48,
          null,
          48,
          48,
          48,
          null,
          48,
          48,
          48,
          null,
          48,
          48,
          48,
          48,
          null,
          null
        ]
      },
      "/myapp/app/controllers/admin/homes_controller.rb": {
        "lines": [
          null,
          null,
          1,
          1,
          null,
          1,
          null
        ]
      },
      "/myapp/app/controllers/user/users_controller.rb": {
        "lines": [
          null,
          null,
          1,
          1,
          null,
          1,
          23,
          23,
          null,
          null,
          23,
          22,
          null,
          1,
          null,
          23,
          null,
          23,
          null,
          23,
          null,
          23,
          null,
          null,
          null,
          23,
          null,
          23,
          null,
          null,
          1,
          10,
          null,
          null,
          1,
          10,
          10,
          4,
          4,
          4,
          null,
          6,
          null,
          null,
          null,
          1,
          null,
          1,
          0,
          0,
          null,
          0,
          0,
          0,
          0,
          null,
          null,
          0,
          null,
          0,
          0,
          0,
          null,
          null,
          1,
          null,
          1,
          10,
          null,
          null
        ]
      },
      "/myapp/app/controllers/user/sessions_controller.rb": {
        "lines": [
          null,
          null,
          1,
          null,
          1,
          1,
          1,
          null,
          null,
          null,
          null,
          null,
          null,
          null,
          1,
          4,
          null,
          null,
          null,
          1,
          4,
          null,
          null,
          null,
          1,
          3,
          3,
          3,
          3,
          null,
          null,
          null,
          1,
          null,
          null,
          null,
          null,
          null,
          null,
          null,
          1,
          3,
          null,
          null,
          null,
          1,
          4,
          null,
          null,
          null,
          1,
          4,
          4,
          4,
          null,
          0,
          0,
          null,
          null,
          null,
          1,
          4,
          null,
          0,
          0,
          0,
          0,
          null,
          null
        ]
      },
      "/myapp/app/controllers/user/homes_controller.rb": {
        "lines": [
          null,
          null,
          1,
          null,
          1,
          null,
          1,
          null,
          7,
          0,
          0,
          null,
          null,
          null,
          7,
          null,
          0,
          0,
          null,
          null,
          1,
          23,
          null,
          23,
          23,
          23,
          null,
          23,
          null,
          23,
          null,
          null,
          null,
          23,
          null,
          23,
          null,
          null,
          1,
          null
        ]
      },
      "/myapp/app/controllers/user/tweets_controller.rb": {
        "lines": [
          null,
          null,
          1,
          1,
          null,
          1,
          null,
          10,
          10,
          null,
          null,
          10,
          10,
          10,
          10,
          null,
          10,
          null,
          0,
          null,
          null,
          null,
          1,
          2,
          2,
          null,
          2,
          2,
          null,
          2,
          null,
          2,
          null,
          null,
          null,
          2,
          null,
          2,
          null,
          null,
          1,
          3,
          3,
          null,
          null,
          1,
          null,
          2,
          2,
          2,
          null,
          2,
          2,
          null,
          2,
          null,
          0,
          null,
          null,
          null,
          1,
          2,
          2,
          null,
          2,
          2,
          2,
          null,
          null,
          1,
          null,
          1,
          12,
          null,
          null
        ]
      },
      "/myapp/app/controllers/user/registrations_controller.rb": {
        "lines": [
          null,
          null,
          1,
          1,
          1,
          1,
          null,
          null,
          null,
          null,
          null,
          null,
          null,
          1,
          2,
          null,
          null,
          null,
          1,
          0,
          null,
          null,
          null,
          1,
          2,
          null,
          null,
          null,
          null,
          null,
          null,
          null,
          null,
          null,
          null,
          null,
          null,
          null,
          null,
          null,
          null,
          1,
          null,
          null,
          null,
          1,
          2,
          null,
          null,
          null,
          null,
          1,
          2,
          null,
          null,
          null,
          null,
          1,
          2,
          null,
          null,
          null,
          null,
          null,
          null,
          null,
          null,
          1,
          2,
          null,
          null,
          null,
          1,
          2,
          2,
          null,
          null
        ]
      },
      "/myapp/app/channels/application_cable/channel.rb": {
        "lines": [
          null,
          null,
          0,
          0,
          0,
          0
        ],
        "branches": {
        }
      },
      "/myapp/app/channels/application_cable/connection.rb": {
        "lines": [
          null,
          null,
          0,
          0,
          0,
          0
        ],
        "branches": {
        }
      },
      "/myapp/app/controllers/admin/comments_controller.rb": {
        "lines": [
          null,
          null,
          0,
          0,
          null,
          0,
          0,
          0,
          null,
          0,
          0,
          0,
          null,
          0,
          0,
          0,
          null,
          0,
          0,
          0,
          0,
          0,
          0,
          0,
          0,
          null,
          0,
          null,
          0,
          0,
          0,
          0
        ],
        "branches": {
        }
      },
      "/myapp/app/controllers/admin/tags_controller.rb": {
        "lines": [
          null,
          null,
          0,
          0,
          null,
          0,
          0,
          0,
          null,
          0,
          0,
          0,
          0,
          0,
          null,
          0,
          0,
          0,
          null,
          0,
          0,
          0,
          0,
          0,
          0,
          0,
          0,
          null,
          0,
          null,
          0,
          0,
          0,
          null,
          null,
          0,
          0,
          0,
          0,
          null,
          null,
          0,
          0,
          0,
          0,
          0
        ],
        "branches": {
        }
      },
      "/myapp/app/controllers/admin/tweets_controller.rb": {
        "lines": [
          null,
          null,
          0,
          0,
          null,
          0,
          0,
          0,
          null,
          0,
          0,
          0,
          null,
          0,
          0,
          0,
          0,
          null,
          0,
          0,
          0,
          0,
          0,
          0,
          0,
          0,
          null,
          0,
          null,
          0,
          0,
          0,
          0
        ],
        "branches": {
        }
      },
      "/myapp/app/controllers/admin/users_controller.rb": {
        "lines": [
          null,
          null,
          0,
          0,
          null,
          0,
          0,
          0,
          null,
          0,
          0,
          0,
          null,
          0,
          0,
          0,
          null,
          0,
          0,
          0,
          0,
          0,
          0,
          0,
          0,
          0,
          null,
          0,
          null,
          0,
          0,
          0,
          0
        ],
        "branches": {
        }
      },
      "/myapp/app/controllers/user/comments_controller.rb": {
        "lines": [
          null,
          null,
          0,
          0,
          null,
          0,
          0,
          0,
          0,
          0,
          0,
          null,
          0,
          0,
          0,
          0,
          null,
          0,
          null,
          0,
          0,
          0,
          0
        ],
        "branches": {
        }
      },
      "/myapp/app/controllers/user/likes_controller.rb": {
        "lines": [
          null,
          null,
          0,
          0,
          null,
          0,
          0,
          0,
          0,
          0,
          null,
          0,
          0,
          0,
          0,
          0,
          0
        ],
        "branches": {
        }
      },
      "/myapp/app/controllers/user/passwords_controller.rb": {
        "lines": [
          null,
          null,
          0,
          0,
          null,
          null,
          null,
          null,
          null,
          null,
          null,
          null,
          null,
          null,
          null,
          null,
          null,
          null,
          null,
          null,
          null,
          null,
          null,
          null,
          null,
          null,
          null,
          null,
          null,
          null,
          null,
          null,
          null,
          null,
          null,
          0
        ],
        "branches": {
        }
      },
      "/myapp/app/controllers/user/relationships_controller.rb": {
        "lines": [
          null,
          null,
          0,
          0,
          null,
          0,
          0,
          0,
          0,
          null,
          0,
          0,
          0,
          0,
          null,
          0,
          0,
          0,
          0,
          null,
          0,
          0,
          0,
          0,
          0
        ],
        "branches": {
        }
      },
      "/myapp/app/controllers/user/searches_controller.rb": {
        "lines": [
          null,
          null,
          0,
          0,
          null,
          0,
          null,
          0,
          0,
          null,
          0,
          null,
          0,
          0,
          null,
          0,
          null,
          0,
          null,
          0,
          0,
          0,
          null,
          0,
          0,
          null,
          0,
          null,
          null,
          null,
          null,
          0,
          null,
          0,
          0,
          0,
          null,
          0,
          0,
          0,
          0,
          0,
          0,
          0,
          0,
          0,
          0,
          0,
          0,
          null,
          null,
          0,
          null,
          0,
          0,
          0,
          0
        ],
        "branches": {
        }
      },
      "/myapp/app/jobs/application_job.rb": {
        "lines": [
          null,
          null,
          0,
          0
        ],
        "branches": {
        }
      },
      "/myapp/app/mailers/application_mailer.rb": {
        "lines": [
          null,
          null,
          0,
          0,
          0,
          0
        ],
        "branches": {
        }
      }
    },
    "timestamp": 1613145352
  }
}
